android/app/build/intermediates/manifest_merge_blame_file/release/manifest-merger-blame-release-report.txt
1<?xml version="1.0" encoding="utf-8"?>
2<!-- <manifest xmlns:android="http://schemas.android.com/apk/res/android"> -->
3<!-- <uses-permission android:name="android.permission.INTERNET"/> -->
4<!-- <uses-permission android:name="android.permission.ACCESS_COARSE_LOCATION" /> -->
5<!-- <uses-permission android:name="android.permission.ACCESS_FINE_LOCATION" /> -->
6<!-- <uses-permission android:name="android.permission.ACCESS_NETWORK_STATE" /> -->
7<!-- <application -->
8<!-- android:label="gobazar" -->
9<!-- android:name="${applicationName}" -->
10<!-- android:icon="@mipmap/ic_launcher"> -->
11<!-- <activity -->
12<!-- android:name=".MainActivity" -->
13<!-- android:exported="true" -->
14<!-- android:launchMode="singleTop" -->
15<!-- android:taskAffinity="" -->
16<!-- android:theme="@style/LaunchTheme" -->
17<!-- android:configChanges="orientation|keyboardHidden|keyboard|screenSize|smallestScreenSize|locale|layoutDirection|fontScale|screenLayout|density|uiMode" -->
18<!-- android:hardwareAccelerated="true" -->
19<!-- android:windowSoftInputMode="adjustResize"> -->
20<!-- &lt;!&ndash; Specifies an Android theme to apply to this Activity as soon as -->
21<!-- the Android process has started. This theme is visible to the user -->
22<!-- while the Flutter UI initializes. After that, this theme continues -->
23<!-- to determine the Window background behind the Flutter UI. &ndash;&gt; -->
24<!-- <meta-data -->
25<!-- android:name="io.flutter.embedding.android.NormalTheme" -->
26<!-- android:resource="@style/NormalTheme" -->
27<!-- &lt;!&ndash;              android:name="com.google.android.geo.API_KEY"&ndash;&gt; -->
28<!-- &lt;!&ndash;              android:value="AIzaSyAbGa-BBRzEHN_0Rda24LgDm1AszOx4XPA"&ndash;&gt; -->
29<!-- /> -->
30<!-- <intent-filter> -->
31<!-- <action android:name="android.intent.action.MAIN"/> -->
32<!-- <category android:name="android.intent.category.LAUNCHER"/> -->
33<!-- </intent-filter> -->
34<!-- </activity> -->
35<!-- &lt;!&ndash; Don't delete the meta-data below. -->
36<!-- This is used by the Flutter tool to generate GeneratedPluginRegistrant.java &ndash;&gt; -->
37<!-- <meta-data -->
38<!-- android:name="flutterEmbedding" -->
39<!-- android:value="2" /> -->
40<!-- </application> -->
41<!-- &lt;!&ndash; Required to query activities that can process text, see: -->
42<!-- https://developer.android.com/training/package-visibility and -->
43<!-- https://developer.android.com/reference/android/content/Intent#ACTION_PROCESS_TEXT. -->
44<!-- In particular, this is used by the Flutter engine in io.flutter.plugin.text.ProcessTextPlugin. &ndash;&gt; -->
45<!-- <queries> -->
46<!-- <intent> -->
47<!-- <action android:name="android.intent.action.PROCESS_TEXT"/> -->
48<!-- <data android:mimeType="text/plain"/> -->
49<!-- </intent> -->
50<!-- </queries> -->
51<!-- </manifest> -->
52<manifest xmlns:android="http://schemas.android.com/apk/res/android"
53    package="com.migobernardo.gobazar"
54    android:versionCode="1"
55    android:versionName="1.0.0" >
56
57    <uses-sdk
58        android:minSdkVersion="21"
58-->src\main\AndroidManifest.xml
59        android:targetSdkVersion="34" />
59-->src\main\AndroidManifest.xml
60
61    <uses-permission android:name="android.permission.INTERNET" />
61-->src\main\AndroidManifest.xml:58:5-66
61-->src\main\AndroidManifest.xml:58:22-64
62    <uses-permission android:name="android.permission.ACCESS_COARSE_LOCATION" />
62-->src\main\AndroidManifest.xml:59:5-81
62-->src\main\AndroidManifest.xml:59:22-78
63    <uses-permission android:name="android.permission.ACCESS_FINE_LOCATION" />
63-->src\main\AndroidManifest.xml:60:5-79
63-->src\main\AndroidManifest.xml:60:22-76
64    <uses-permission android:name="android.permission.ACCESS_NETWORK_STATE" />
64-->src\main\AndroidManifest.xml:61:5-79
64-->src\main\AndroidManifest.xml:61:22-76
65    <!--
66         Required to query activities that can process text, see:
67         https://developer.android.com/training/package-visibility and
68         https://developer.android.com/reference/android/content/Intent#ACTION_PROCESS_TEXT.
69
70         In particular, this is used by the Flutter engine in io.flutter.plugin.text.ProcessTextPlugin.
71    -->
72    <queries>
72-->src\main\AndroidManifest.xml:102:5-107:15
73        <intent>
73-->src\main\AndroidManifest.xml:103:9-106:18
74            <action android:name="android.intent.action.PROCESS_TEXT" />
74-->src\main\AndroidManifest.xml:104:13-72
74-->src\main\AndroidManifest.xml:104:21-70
75
76            <data android:mimeType="text/plain" />
76-->src\main\AndroidManifest.xml:105:13-50
76-->src\main\AndroidManifest.xml:105:19-48
77        </intent>
78    </queries>
79
80    <uses-permission android:name="android.permission.FOREGROUND_SERVICE" />
80-->[com.mapbox.navigation:core:2.10.1] AndroidManifest.xml:12:5-77
80-->[com.mapbox.navigation:core:2.10.1] AndroidManifest.xml:12:22-74
81    <uses-permission android:name="android.permission.POST_NOTIFICATIONS" />
81-->[com.mapbox.navigation:core:2.10.1] AndroidManifest.xml:13:5-77
81-->[com.mapbox.navigation:core:2.10.1] AndroidManifest.xml:13:22-74
82    <uses-permission android:name="com.google.android.providers.gsf.permission.READ_GSERVICES" />
82-->[com.google.android.recaptcha:recaptcha:18.4.0] AndroidManifest.xml:9:5-98
82-->[com.google.android.recaptcha:recaptcha:18.4.0] AndroidManifest.xml:9:22-95
83
84    <uses-feature
84-->[com.mapbox.mapboxsdk:mapbox-android-sdk:9.6.2] AndroidManifest.xml:12:5-14:36
85        android:name="android.hardware.wifi"
85-->[com.mapbox.mapboxsdk:mapbox-android-sdk:9.6.2] AndroidManifest.xml:13:9-45
86        android:required="false" />
86-->[com.mapbox.mapboxsdk:mapbox-android-sdk:9.6.2] AndroidManifest.xml:14:9-33
87
88    <uses-permission android:name="android.permission.ACCESS_WIFI_STATE" /> <!-- Required for CrashReporterJobIntentService on API levels below 25 -->
88-->[com.mapbox.mapboxsdk:mapbox-android-sdk:9.6.2] AndroidManifest.xml:18:5-76
88-->[com.mapbox.mapboxsdk:mapbox-android-sdk:9.6.2] AndroidManifest.xml:18:22-73
89    <uses-permission android:name="android.permission.WAKE_LOCK" />
89-->[com.mapbox.mapboxsdk:mapbox-android-telemetry-okhttp3:8.1.0] AndroidManifest.xml:12:5-68
89-->[com.mapbox.mapboxsdk:mapbox-android-telemetry-okhttp3:8.1.0] AndroidManifest.xml:12:22-65
90    <uses-permission
90-->[com.mapbox.mapboxsdk:mapbox-android-telemetry-okhttp3:8.1.0] AndroidManifest.xml:16:5-18:38
91        android:name="android.permission.GET_TASKS"
91-->[com.mapbox.mapboxsdk:mapbox-android-telemetry-okhttp3:8.1.0] AndroidManifest.xml:17:9-52
92        android:maxSdkVersion="20" />
92-->[com.mapbox.mapboxsdk:mapbox-android-telemetry-okhttp3:8.1.0] AndroidManifest.xml:18:9-35
93    <uses-permission android:name="android.permission.RECEIVE_BOOT_COMPLETED" />
93-->[androidx.work:work-runtime:2.7.1] AndroidManifest.xml:27:5-81
93-->[androidx.work:work-runtime:2.7.1] AndroidManifest.xml:27:22-78
94    <uses-permission android:name="android.permission.CHANGE_NETWORK_STATE" />
94-->[com.mapbox.navigator:mapbox-navigation-native:123.3.1] AndroidManifest.xml:10:5-79
94-->[com.mapbox.navigator:mapbox-navigation-native:123.3.1] AndroidManifest.xml:10:22-76
95
96    <permission
96-->[androidx.core:core:1.13.0] AndroidManifest.xml:22:5-24:47
97        android:name="com.migobernardo.gobazar.DYNAMIC_RECEIVER_NOT_EXPORTED_PERMISSION"
97-->[androidx.core:core:1.13.0] AndroidManifest.xml:23:9-81
98        android:protectionLevel="signature" />
98-->[androidx.core:core:1.13.0] AndroidManifest.xml:24:9-44
99
100    <uses-permission android:name="com.migobernardo.gobazar.DYNAMIC_RECEIVER_NOT_EXPORTED_PERMISSION" />
100-->[androidx.core:core:1.13.0] AndroidManifest.xml:26:5-97
100-->[androidx.core:core:1.13.0] AndroidManifest.xml:26:22-94
101
102    <uses-feature
102-->[com.mapbox.maps:android-core:11.4.0] AndroidManifest.xml:10:5-12:35
103        android:glEsVersion="0x00030000"
103-->[com.mapbox.maps:android-core:11.4.0] AndroidManifest.xml:11:9-41
104        android:required="true" />
104-->[com.mapbox.maps:android-core:11.4.0] AndroidManifest.xml:12:9-32
105
106    <application
107        android:name="android.app.Application"
107-->src\main\AndroidManifest.xml:65:9-42
108        android:appComponentFactory="androidx.core.app.CoreComponentFactory"
108-->[androidx.core:core:1.13.0] AndroidManifest.xml:28:18-86
109        android:icon="@mipmap/ic_launcher"
109-->src\main\AndroidManifest.xml:66:9-43
110        android:label="gobazar" >
110-->src\main\AndroidManifest.xml:64:9-32
111        <activity
111-->src\main\AndroidManifest.xml:67:9-90:20
112            android:name="com.example.gobazar.MainActivity"
112-->src\main\AndroidManifest.xml:68:13-41
113            android:configChanges="orientation|keyboardHidden|keyboard|screenSize|smallestScreenSize|locale|layoutDirection|fontScale|screenLayout|density|uiMode"
113-->src\main\AndroidManifest.xml:73:13-163
114            android:exported="true"
114-->src\main\AndroidManifest.xml:69:13-36
115            android:hardwareAccelerated="true"
115-->src\main\AndroidManifest.xml:74:13-47
116            android:launchMode="singleTop"
116-->src\main\AndroidManifest.xml:70:13-43
117            android:taskAffinity=""
117-->src\main\AndroidManifest.xml:71:13-36
118            android:theme="@style/LaunchTheme"
118-->src\main\AndroidManifest.xml:72:13-47
119            android:windowSoftInputMode="adjustResize" >
119-->src\main\AndroidManifest.xml:75:13-55
120
121            <!--
122                 Specifies an Android theme to apply to this Activity as soon as
123                 the Android process has started. This theme is visible to the user
124                 while the Flutter UI initializes. After that, this theme continues
125                 to determine the Window background behind the Flutter UI.
126            -->
127            <meta-data
127-->src\main\AndroidManifest.xml:80:13-82:57
128                android:name="io.flutter.embedding.android.NormalTheme"
128-->src\main\AndroidManifest.xml:81:17-72
129                android:resource="@style/NormalTheme" />
129-->src\main\AndroidManifest.xml:82:17-54
130            <meta-data
130-->src\main\AndroidManifest.xml:83:13-85:75
131                android:name="com.google.android.geo.API_KEY"
131-->src\main\AndroidManifest.xml:84:17-62
132                android:value="AIzaSyCs51Quja3Aeuz-7A2ozcmW8xBgTsU0Mcs" />
132-->src\main\AndroidManifest.xml:85:17-72
133
134            <intent-filter>
134-->src\main\AndroidManifest.xml:86:13-89:29
135                <action android:name="android.intent.action.MAIN" />
135-->src\main\AndroidManifest.xml:87:17-68
135-->src\main\AndroidManifest.xml:87:25-66
136
137                <category android:name="android.intent.category.LAUNCHER" />
137-->src\main\AndroidManifest.xml:88:17-76
137-->src\main\AndroidManifest.xml:88:27-74
138            </intent-filter>
139        </activity>
140        <!--
141             Don't delete the meta-data below.
142             This is used by the Flutter tool to generate GeneratedPluginRegistrant.java
143        -->
144        <meta-data
144-->src\main\AndroidManifest.xml:93:9-95:33
145            android:name="flutterEmbedding"
145-->src\main\AndroidManifest.xml:94:13-44
146            android:value="2" />
146-->src\main\AndroidManifest.xml:95:13-30
147
148        <service
148-->[:firebase_app_check] AndroidManifest.xml:10:9-14:19
149            android:name="com.google.firebase.components.ComponentDiscoveryService"
149-->[:firebase_app_check] AndroidManifest.xml:10:18-89
150            android:directBootAware="true"
150-->[com.google.firebase:firebase-common:20.4.3] AndroidManifest.xml:32:13-43
151            android:exported="false" >
151-->[com.google.firebase:firebase-auth:22.3.1] AndroidManifest.xml:68:13-37
152            <meta-data
152-->[:firebase_app_check] AndroidManifest.xml:11:13-13:85
153                android:name="com.google.firebase.components:io.flutter.plugins.firebase.appcheck.FlutterFirebaseAppRegistrar"
153-->[:firebase_app_check] AndroidManifest.xml:12:17-127
154                android:value="com.google.firebase.components.ComponentRegistrar" />
154-->[:firebase_app_check] AndroidManifest.xml:13:17-82
155            <meta-data
155-->[:firebase_auth] AndroidManifest.xml:11:13-13:85
156                android:name="com.google.firebase.components:io.flutter.plugins.firebase.auth.FlutterFirebaseAuthRegistrar"
156-->[:firebase_auth] AndroidManifest.xml:12:17-124
157                android:value="com.google.firebase.components.ComponentRegistrar" />
157-->[:firebase_auth] AndroidManifest.xml:13:17-82
158            <meta-data
158-->[:firebase_database] AndroidManifest.xml:11:13-13:85
159                android:name="com.google.firebase.components:io.flutter.plugins.firebase.database.FlutterFirebaseAppRegistrar"
159-->[:firebase_database] AndroidManifest.xml:12:17-127
160                android:value="com.google.firebase.components.ComponentRegistrar" />
160-->[:firebase_database] AndroidManifest.xml:13:17-82
161            <meta-data
161-->[:firebase_storage] AndroidManifest.xml:11:13-13:85
162                android:name="com.google.firebase.components:io.flutter.plugins.firebase.storage.FlutterFirebaseAppRegistrar"
162-->[:firebase_storage] AndroidManifest.xml:12:17-126
163                android:value="com.google.firebase.components.ComponentRegistrar" />
163-->[:firebase_storage] AndroidManifest.xml:13:17-82
164            <meta-data
164-->[:firebase_core] AndroidManifest.xml:11:13-13:85
165                android:name="com.google.firebase.components:io.flutter.plugins.firebase.core.FlutterFirebaseCoreRegistrar"
165-->[:firebase_core] AndroidManifest.xml:12:17-124
166                android:value="com.google.firebase.components.ComponentRegistrar" />
166-->[:firebase_core] AndroidManifest.xml:13:17-82
167            <meta-data
167-->[com.google.firebase:firebase-auth:22.3.1] AndroidManifest.xml:69:13-71:85
168                android:name="com.google.firebase.components:com.google.firebase.auth.FirebaseAuthRegistrar"
168-->[com.google.firebase:firebase-auth:22.3.1] AndroidManifest.xml:70:17-109
169                android:value="com.google.firebase.components.ComponentRegistrar" />
169-->[com.google.firebase:firebase-auth:22.3.1] AndroidManifest.xml:71:17-82
170            <meta-data
170-->[com.google.firebase:firebase-storage:20.3.0] AndroidManifest.xml:30:13-32:85
171                android:name="com.google.firebase.components:com.google.firebase.storage.FirebaseStorageKtxRegistrar"
171-->[com.google.firebase:firebase-storage:20.3.0] AndroidManifest.xml:31:17-118
172                android:value="com.google.firebase.components.ComponentRegistrar" />
172-->[com.google.firebase:firebase-storage:20.3.0] AndroidManifest.xml:32:17-82
173            <meta-data
173-->[com.google.firebase:firebase-storage:20.3.0] AndroidManifest.xml:33:13-35:85
174                android:name="com.google.firebase.components:com.google.firebase.storage.StorageRegistrar"
174-->[com.google.firebase:firebase-storage:20.3.0] AndroidManifest.xml:34:17-107
175                android:value="com.google.firebase.components.ComponentRegistrar" />
175-->[com.google.firebase:firebase-storage:20.3.0] AndroidManifest.xml:35:17-82
176            <meta-data
176-->[com.google.firebase:firebase-database:20.3.1] AndroidManifest.xml:29:13-31:85
177                android:name="com.google.firebase.components:com.google.firebase.database.FirebaseDatabaseKtxRegistrar"
177-->[com.google.firebase:firebase-database:20.3.1] AndroidManifest.xml:30:17-120
178                android:value="com.google.firebase.components.ComponentRegistrar" />
178-->[com.google.firebase:firebase-database:20.3.1] AndroidManifest.xml:31:17-82
179            <meta-data
179-->[com.google.firebase:firebase-database:20.3.1] AndroidManifest.xml:32:13-34:85
180                android:name="com.google.firebase.components:com.google.firebase.database.DatabaseRegistrar"
180-->[com.google.firebase:firebase-database:20.3.1] AndroidManifest.xml:33:17-109
181                android:value="com.google.firebase.components.ComponentRegistrar" />
181-->[com.google.firebase:firebase-database:20.3.1] AndroidManifest.xml:34:17-82
182            <meta-data
182-->[com.google.firebase:firebase-appcheck-safetynet:16.1.2] AndroidManifest.xml:27:13-29:85
183                android:name="com.google.firebase.components:com.google.firebase.appcheck.safetynet.FirebaseAppCheckSafetyNetRegistrar"
183-->[com.google.firebase:firebase-appcheck-safetynet:16.1.2] AndroidManifest.xml:28:17-136
184                android:value="com.google.firebase.components.ComponentRegistrar" />
184-->[com.google.firebase:firebase-appcheck-safetynet:16.1.2] AndroidManifest.xml:29:17-82
185            <meta-data
185-->[com.google.firebase:firebase-appcheck-debug:17.1.2] AndroidManifest.xml:25:13-27:85
186                android:name="com.google.firebase.components:com.google.firebase.appcheck.debug.FirebaseAppCheckDebugRegistrar"
186-->[com.google.firebase:firebase-appcheck-debug:17.1.2] AndroidManifest.xml:26:17-128
187                android:value="com.google.firebase.components.ComponentRegistrar" />
187-->[com.google.firebase:firebase-appcheck-debug:17.1.2] AndroidManifest.xml:27:17-82
188            <meta-data
188-->[com.google.firebase:firebase-appcheck-playintegrity:17.1.2] AndroidManifest.xml:25:13-27:85
189                android:name="com.google.firebase.components:com.google.firebase.appcheck.playintegrity.FirebaseAppCheckPlayIntegrityRegistrar"
189-->[com.google.firebase:firebase-appcheck-playintegrity:17.1.2] AndroidManifest.xml:26:17-144
190                android:value="com.google.firebase.components.ComponentRegistrar" />
190-->[com.google.firebase:firebase-appcheck-playintegrity:17.1.2] AndroidManifest.xml:27:17-82
191            <meta-data
191-->[com.google.firebase:firebase-appcheck:17.1.2] AndroidManifest.xml:25:13-27:85
192                android:name="com.google.firebase.components:com.google.firebase.appcheck.FirebaseAppCheckKtxRegistrar"
192-->[com.google.firebase:firebase-appcheck:17.1.2] AndroidManifest.xml:26:17-120
193                android:value="com.google.firebase.components.ComponentRegistrar" />
193-->[com.google.firebase:firebase-appcheck:17.1.2] AndroidManifest.xml:27:17-82
194            <meta-data
194-->[com.google.firebase:firebase-appcheck:17.1.2] AndroidManifest.xml:28:13-30:85
195                android:name="com.google.firebase.components:com.google.firebase.appcheck.FirebaseAppCheckRegistrar"
195-->[com.google.firebase:firebase-appcheck:17.1.2] AndroidManifest.xml:29:17-117
196                android:value="com.google.firebase.components.ComponentRegistrar" />
196-->[com.google.firebase:firebase-appcheck:17.1.2] AndroidManifest.xml:30:17-82
197            <meta-data
197-->[com.google.firebase:firebase-common-ktx:20.4.3] AndroidManifest.xml:12:13-14:85
198                android:name="com.google.firebase.components:com.google.firebase.ktx.FirebaseCommonLegacyRegistrar"
198-->[com.google.firebase:firebase-common-ktx:20.4.3] AndroidManifest.xml:13:17-116
199                android:value="com.google.firebase.components.ComponentRegistrar" />
199-->[com.google.firebase:firebase-common-ktx:20.4.3] AndroidManifest.xml:14:17-82
200            <meta-data
200-->[com.google.firebase:firebase-common:20.4.3] AndroidManifest.xml:35:13-37:85
201                android:name="com.google.firebase.components:com.google.firebase.FirebaseCommonKtxRegistrar"
201-->[com.google.firebase:firebase-common:20.4.3] AndroidManifest.xml:36:17-109
202                android:value="com.google.firebase.components.ComponentRegistrar" />
202-->[com.google.firebase:firebase-common:20.4.3] AndroidManifest.xml:37:17-82
203        </service>
204        <service
204-->[:geolocator_android] AndroidManifest.xml:10:9-14:56
205            android:name="com.baseflow.geolocator.GeolocatorLocationService"
205-->[:geolocator_android] AndroidManifest.xml:11:13-77
206            android:enabled="true"
206-->[:geolocator_android] AndroidManifest.xml:12:13-35
207            android:exported="false"
207-->[:geolocator_android] AndroidManifest.xml:13:13-37
208            android:foregroundServiceType="location" />
208-->[:geolocator_android] AndroidManifest.xml:14:13-53
209
210        <activity android:name="com.navigation.with.mapbox.navigation_with_mapbox.views.FullscreenActivity" />
210-->[:navigation_with_mapbox] AndroidManifest.xml:14:9-111
210-->[:navigation_with_mapbox] AndroidManifest.xml:14:19-108
211
212        <provider
212-->[com.mapbox.navigation:core:2.10.1] AndroidManifest.xml:18:9-26:20
213            android:name="androidx.startup.InitializationProvider"
213-->[com.mapbox.navigation:core:2.10.1] AndroidManifest.xml:19:13-67
214            android:authorities="com.migobernardo.gobazar.androidx-startup"
214-->[com.mapbox.navigation:core:2.10.1] AndroidManifest.xml:20:13-68
215            android:exported="false" >
215-->[com.mapbox.navigation:core:2.10.1] AndroidManifest.xml:21:13-37
216            <meta-data
216-->[com.mapbox.navigation:core:2.10.1] AndroidManifest.xml:23:13-25:52
217                android:name="com.mapbox.navigation.core.internal.MapboxNavigationSDKInitializer"
217-->[com.mapbox.navigation:core:2.10.1] AndroidManifest.xml:24:17-98
218                android:value="androidx.startup" />
218-->[com.mapbox.navigation:core:2.10.1] AndroidManifest.xml:25:17-49
219            <meta-data
219-->[androidx.emoji2:emoji2:1.2.0] AndroidManifest.xml:29:13-31:52
220                android:name="androidx.emoji2.text.EmojiCompatInitializer"
220-->[androidx.emoji2:emoji2:1.2.0] AndroidManifest.xml:30:17-75
221                android:value="androidx.startup" />
221-->[androidx.emoji2:emoji2:1.2.0] AndroidManifest.xml:31:17-49
222            <meta-data
222-->[androidx.work:work-runtime:2.7.1] AndroidManifest.xml:36:13-38:52
223                android:name="androidx.work.WorkManagerInitializer"
223-->[androidx.work:work-runtime:2.7.1] AndroidManifest.xml:37:17-68
224                android:value="androidx.startup" />
224-->[androidx.work:work-runtime:2.7.1] AndroidManifest.xml:38:17-49
225            <meta-data
225-->[androidx.lifecycle:lifecycle-process:2.6.2] AndroidManifest.xml:29:13-31:52
226                android:name="androidx.lifecycle.ProcessLifecycleInitializer"
226-->[androidx.lifecycle:lifecycle-process:2.6.2] AndroidManifest.xml:30:17-78
227                android:value="androidx.startup" /> <!-- This entry makes MapboxNavigationNativeInitializer discoverable. -->
227-->[androidx.lifecycle:lifecycle-process:2.6.2] AndroidManifest.xml:31:17-49
228            <meta-data
228-->[com.mapbox.navigator:mapbox-navigation-native:123.3.1] AndroidManifest.xml:20:13-22:52
229                android:name="com.mapbox.navigator.MapboxNavigationNativeInitializer"
229-->[com.mapbox.navigator:mapbox-navigation-native:123.3.1] AndroidManifest.xml:21:17-86
230                android:value="androidx.startup" />
230-->[com.mapbox.navigator:mapbox-navigation-native:123.3.1] AndroidManifest.xml:22:17-49
231            <meta-data
231-->[com.mapbox.maps:android-core:11.4.0] AndroidManifest.xml:27:13-29:52
232                android:name="com.mapbox.maps.loader.MapboxMapsInitializer"
232-->[com.mapbox.maps:android-core:11.4.0] AndroidManifest.xml:28:17-76
233                android:value="androidx.startup" />
233-->[com.mapbox.maps:android-core:11.4.0] AndroidManifest.xml:29:17-49
234            <meta-data
234-->[androidx.profileinstaller:profileinstaller:1.3.0] AndroidManifest.xml:29:13-31:52
235                android:name="androidx.profileinstaller.ProfileInstallerInitializer"
235-->[androidx.profileinstaller:profileinstaller:1.3.0] AndroidManifest.xml:30:17-85
236                android:value="androidx.startup" />
236-->[androidx.profileinstaller:profileinstaller:1.3.0] AndroidManifest.xml:31:17-49
237        </provider>
238
239        <service
239-->[com.mapbox.navigation:core:2.10.1] AndroidManifest.xml:28:9-30:56
240            android:name="com.mapbox.navigation.core.trip.service.NavigationNotificationService"
240-->[com.mapbox.navigation:core:2.10.1] AndroidManifest.xml:29:13-97
241            android:foregroundServiceType="location" />
241-->[com.mapbox.navigation:core:2.10.1] AndroidManifest.xml:30:13-53
242
243        <meta-data
243-->[com.mapbox.navigation:core:2.10.1] AndroidManifest.xml:32:9-34:37
244            android:name="com.mapbox.ManageSkuToken"
244-->[com.mapbox.navigation:core:2.10.1] AndroidManifest.xml:33:13-53
245            android:value="false" />
245-->[com.mapbox.navigation:core:2.10.1] AndroidManifest.xml:34:13-34
246
247        <uses-library
247-->[androidx.window:window:1.0.0-beta04] AndroidManifest.xml:25:9-27:40
248            android:name="androidx.window.extensions"
248-->[androidx.window:window:1.0.0-beta04] AndroidManifest.xml:26:13-54
249            android:required="false" />
249-->[androidx.window:window:1.0.0-beta04] AndroidManifest.xml:27:13-37
250        <uses-library
250-->[androidx.window:window:1.0.0-beta04] AndroidManifest.xml:28:9-30:40
251            android:name="androidx.window.sidecar"
251-->[androidx.window:window:1.0.0-beta04] AndroidManifest.xml:29:13-51
252            android:required="false" />
252-->[androidx.window:window:1.0.0-beta04] AndroidManifest.xml:30:13-37
253
254        <activity
254-->[com.google.firebase:firebase-auth:22.3.1] AndroidManifest.xml:29:9-46:20
255            android:name="com.google.firebase.auth.internal.GenericIdpActivity"
255-->[com.google.firebase:firebase-auth:22.3.1] AndroidManifest.xml:30:13-80
256            android:excludeFromRecents="true"
256-->[com.google.firebase:firebase-auth:22.3.1] AndroidManifest.xml:31:13-46
257            android:exported="true"
257-->[com.google.firebase:firebase-auth:22.3.1] AndroidManifest.xml:32:13-36
258            android:launchMode="singleTask"
258-->[com.google.firebase:firebase-auth:22.3.1] AndroidManifest.xml:33:13-44
259            android:theme="@android:style/Theme.Translucent.NoTitleBar" >
259-->[com.google.firebase:firebase-auth:22.3.1] AndroidManifest.xml:34:13-72
260            <intent-filter>
260-->[com.google.firebase:firebase-auth:22.3.1] AndroidManifest.xml:35:13-45:29
261                <action android:name="android.intent.action.VIEW" />
261-->[com.google.firebase:firebase-auth:22.3.1] AndroidManifest.xml:36:17-69
261-->[com.google.firebase:firebase-auth:22.3.1] AndroidManifest.xml:36:25-66
262
263                <category android:name="android.intent.category.DEFAULT" />
263-->[com.google.firebase:firebase-auth:22.3.1] AndroidManifest.xml:38:17-76
263-->[com.google.firebase:firebase-auth:22.3.1] AndroidManifest.xml:38:27-73
264                <category android:name="android.intent.category.BROWSABLE" />
264-->[com.google.firebase:firebase-auth:22.3.1] AndroidManifest.xml:39:17-78
264-->[com.google.firebase:firebase-auth:22.3.1] AndroidManifest.xml:39:27-75
265
266                <data
266-->src\main\AndroidManifest.xml:105:13-50
267                    android:host="firebase.auth"
268                    android:path="/"
269                    android:scheme="genericidp" />
270            </intent-filter>
271        </activity>
272        <activity
272-->[com.google.firebase:firebase-auth:22.3.1] AndroidManifest.xml:47:9-64:20
273            android:name="com.google.firebase.auth.internal.RecaptchaActivity"
273-->[com.google.firebase:firebase-auth:22.3.1] AndroidManifest.xml:48:13-79
274            android:excludeFromRecents="true"
274-->[com.google.firebase:firebase-auth:22.3.1] AndroidManifest.xml:49:13-46
275            android:exported="true"
275-->[com.google.firebase:firebase-auth:22.3.1] AndroidManifest.xml:50:13-36
276            android:launchMode="singleTask"
276-->[com.google.firebase:firebase-auth:22.3.1] AndroidManifest.xml:51:13-44
277            android:theme="@android:style/Theme.Translucent.NoTitleBar" >
277-->[com.google.firebase:firebase-auth:22.3.1] AndroidManifest.xml:52:13-72
278            <intent-filter>
278-->[com.google.firebase:firebase-auth:22.3.1] AndroidManifest.xml:53:13-63:29
279                <action android:name="android.intent.action.VIEW" />
279-->[com.google.firebase:firebase-auth:22.3.1] AndroidManifest.xml:36:17-69
279-->[com.google.firebase:firebase-auth:22.3.1] AndroidManifest.xml:36:25-66
280
281                <category android:name="android.intent.category.DEFAULT" />
281-->[com.google.firebase:firebase-auth:22.3.1] AndroidManifest.xml:38:17-76
281-->[com.google.firebase:firebase-auth:22.3.1] AndroidManifest.xml:38:27-73
282                <category android:name="android.intent.category.BROWSABLE" />
282-->[com.google.firebase:firebase-auth:22.3.1] AndroidManifest.xml:39:17-78
282-->[com.google.firebase:firebase-auth:22.3.1] AndroidManifest.xml:39:27-75
283
284                <data
284-->src\main\AndroidManifest.xml:105:13-50
285                    android:host="firebase.auth"
286                    android:path="/"
287                    android:scheme="recaptcha" />
288            </intent-filter>
289        </activity>
290
291        <provider
291-->[com.google.firebase:firebase-common:20.4.3] AndroidManifest.xml:23:9-28:39
292            android:name="com.google.firebase.provider.FirebaseInitProvider"
292-->[com.google.firebase:firebase-common:20.4.3] AndroidManifest.xml:24:13-77
293            android:authorities="com.migobernardo.gobazar.firebaseinitprovider"
293-->[com.google.firebase:firebase-common:20.4.3] AndroidManifest.xml:25:13-72
294            android:directBootAware="true"
294-->[com.google.firebase:firebase-common:20.4.3] AndroidManifest.xml:26:13-43
295            android:exported="false"
295-->[com.google.firebase:firebase-common:20.4.3] AndroidManifest.xml:27:13-37
296            android:initOrder="100" /> <!-- Offline download region picker activity -->
296-->[com.google.firebase:firebase-common:20.4.3] AndroidManifest.xml:28:13-36
297        <activity